{"ts":1760698233407,"action":"PROJECT_OPENED","tags":{"PROJECT_NAME":"yaun-links"}}
{"ts":1760698234318,"action":"FILE_OPENED","file":"/README.md","tags":{"FILE_LINE_OF_CODE":"3"}}
{"ts":1760698241356,"action":"IDE_DEACTIVATED"}
{"ts":1760698241566,"action":"IDE_ACTIVATED"}
{"ts":1760698242109,"action":"IDE_DEACTIVATED"}
{"ts":1760698242313,"action":"IDE_ACTIVATED"}
{"ts":1760698242815,"action":"IDE_DEACTIVATED"}
{"ts":1760698335589,"action":"IDE_ACTIVATED"}
{"ts":1760698346036,"action":"IDE_DEACTIVATED"}
{"ts":1760698347106,"action":"IDE_ACTIVATED"}
{"ts":1760698359283,"action":"IDE_DEACTIVATED"}
{"ts":1760698392317,"action":"IDE_ACTIVATED"}
{"ts":1760698398438,"action":"IDE_DEACTIVATED"}
{"ts":1760698404317,"action":"IDE_ACTIVATED"}
{"ts":1760698645191,"action":"FILE_CLOSED","file":"/README.md","tags":{"FILE_LINE_OF_CODE":"71"}}
{"ts":1760698651742,"action":"FILE_OPENED","file":"/README.md","tags":{"FILE_LINE_OF_CODE":"71"}}
{"ts":1760698673003,"action":"IDE_DEACTIVATED"}
{"ts":1760698693778,"action":"IDE_ACTIVATED"}
{"ts":1760698696243,"action":"IDE_DEACTIVATED"}
{"ts":1760698800609,"action":"IDE_ACTIVATED"}
{"ts":1760698804357,"action":"IDE_DEACTIVATED"}
{"ts":1760698822603,"action":"IDE_ACTIVATED"}
{"ts":1760698824513,"action":"IDE_DEACTIVATED"}
{"ts":1760698827400,"action":"IDE_ACTIVATED"}
{"ts":1760698858887,"action":"IDE_DEACTIVATED"}
{"ts":1760698862360,"action":"IDE_ACTIVATED"}
{"ts":1760698864777,"action":"FILE_CLOSED","file":"/README.md","tags":{"FILE_LINE_OF_CODE":"71"}}
{"ts":1760698864777,"action":"FILE_OPENED","file":"/package.json","tags":{"FILE_LINE_OF_CODE":"43"}}
{"ts":1760698865894,"action":"IDE_DEACTIVATED"}
{"ts":1760698870889,"action":"IDE_ACTIVATED"}
{"ts":1760698875059,"action":"IDE_DEACTIVATED"}
{"ts":1760698882103,"action":"IDE_ACTIVATED"}
{"ts":1760698902064,"action":"IDE_DEACTIVATED"}
{"ts":1760698922316,"action":"IDE_ACTIVATED"}
{"ts":1760698923765,"action":"IDE_DEACTIVATED"}
{"ts":1760698924471,"action":"IDE_ACTIVATED"}
{"ts":1760698936273,"action":"IDE_DEACTIVATED"}
{"ts":1760698950470,"action":"IDE_ACTIVATED"}
{"ts":1760698951814,"action":"IDE_DEACTIVATED"}
{"ts":1760698953533,"action":"IDE_ACTIVATED"}
{"ts":1760698955212,"action":"IDE_DEACTIVATED"}
{"ts":1760698966011,"action":"IDE_ACTIVATED"}
{"ts":1760698972089,"action":"IDE_DEACTIVATED"}
{"ts":1760698977121,"action":"IDE_ACTIVATED"}
{"ts":1760698983381,"action":"IDE_DEACTIVATED"}
{"ts":1760698995055,"action":"IDE_ACTIVATED"}
